#
# A fatal error has been detected by the Java Runtime Environment:
#
#  SIGSEGV (0xb) at pc=0x00007fff8a454bb0, pid=5225, tid=8971
#
# JRE version: Java(TM) SE Runtime Environment (7.0_45-b18) (build 1.7.0_45-b18)
# Java VM: Java HotSpot(TM) 64-Bit Server VM (24.45-b08 mixed mode bsd-amd64 compressed oops)
# Problematic frame:
# C  [libdispatch.dylib+0x9bb0]  _dispatch_alloc_continuation_alloc+0x2c
#
# Failed to write core dump. Core dumps have been disabled. To enable core dumping, try "ulimit -c unlimited" before starting Java again
#
# If you would like to submit a bug report, please visit:
#   http://bugreport.sun.com/bugreport/crash.jsp
# The crash happened outside the Java Virtual Machine in native code.
# See problematic frame for where to report the bug.
#

---------------  T H R E A D  ---------------

Current thread (0x00007fd339803000):  JavaThread "main" [_thread_in_native, id=8971, stack(0x00007fff52210000,0x00007fff52290000)]

siginfo:si_signo=SIGSEGV: si_errno=0, si_code=1 (SEGV_MAPERR), si_addr=0x000000030da00008

Registers:
RAX=0x000000010dc00000, RBX=0x00007fff752b89c0, RCX=0x00000001ffe00000, RDX=0x00007fff8a451d0e
RSP=0x00007fff5228b9a0, RBP=0x00007fff5228b9c0, RSI=0x00007fd33f000250, RDI=0x00007fff752b89c0
R8 =0x0000000000000004, R9 =0x00007fd33f000000, R10=0x000000000a92bfab, R11=0x000000007386a7fb
R12=0x00007fd33f000000, R13=0x0000000100002480, R14=0x00007fd33f000250, R15=0x00007fff8a451d0e
RIP=0x00007fff8a454bb0, EFLAGS=0x0000000000010206, ERR=0x0000000000000004
  TRAPNO=0x000000000000000e

Top of Stack: (sp=0x00007fff5228b9a0)
0x00007fff5228b9a0:   ff8000000000ffff 00007fff8a44ffff
0x00007fff5228b9b0:   00000c0b707ec734 00007fff752b89c0
0x00007fff5228b9c0:   00007fff5228b9f0 00007fff8a44d647
0x00007fff5228b9d0:   00007fd33f000250 00007fd33b02e740
0x00007fff5228b9e0:   00007fff752b8480 0000000000000001
0x00007fff5228b9f0:   00007fff5228ba10 00007fff8a44c28d
0x00007fff5228ba00:   0000000000000000 00007fd33b02e740
0x00007fff5228ba10:   00007fff5228ba30 00007fff8a44fc36
0x00007fff5228ba20:   00007fd33f000008 0000000000000024
0x00007fff5228ba30:   00007fff5228ba90 00007fff8bd19398
0x00007fff5228ba40:   00007fd33f000020 0000000000000000
0x00007fff5228ba50:   00007fd33f000000 ffffffffffffffff
0x00007fff5228ba60:   00007fff5228ba90 00007fd33f000101
0x00007fff5228ba70:   00007fd33f000020 0000000000000000
0x00007fff5228ba80:   00007fd33f000000 0000000000000000
0x00007fff5228ba90:   00007fff5228bbd0 00007fff9161f7cf
0x00007fff5228baa0:   00007fff5228baf0 0000000100000000
0x00007fff5228bab0:   000000f800000003 000000000000000e
0x00007fff5228bac0:   c087080000000000 406b000000000000
0x00007fff5228bad0:   0000000000000000 0000000000000000
0x00007fff5228bae0:   00000c0b34bff8c8 0000000000000100
0x00007fff5228baf0:   0000000000000000 0000000000000000
0x00007fff5228bb00:   0000000400000000 0000000000000000
0x00007fff5228bb10:   0000000000000001 0000000000000000
0x00007fff5228bb20:   0000000000001469 000202bf00066066
0x00007fff5228bb30:   0000000000000002 0000000000d20000
0x00007fff5228bb40:   0000000000000000 0000000000000000
0x00007fff5228bb50:   0000000000000000 0000000000000000
0x00007fff5228bb60:   0000000000000000 0000000000000000
0x00007fff5228bb70:   0000000000000000 0000000000000000
0x00007fff5228bb80:   0000000000000000 0000000003840000
0x00007fff5228bb90:   0000000000000000 0000000000000000 

Instructions: (pc=0x00007fff8a454bb0)
0x00007fff8a454b90:   c4 7f e6 ea 48 85 c0 0f 84 05 01 00 00 0f 01 4d
0x00007fff8a454ba0:   e0 48 8b 4d e0 48 81 e1 ff 0f 00 00 48 c1 e1 15
0x00007fff8a454bb0:   48 8b 74 08 08 48 85 f6 0f 84 d0 00 00 00 31 ff
0x00007fff8a454bc0:   85 ff 0f 85 c6 00 00 00 48 8b 0c 3e 48 f7 d1 48 

Register to memory mapping:

RAX=0x000000010dc00000 is an unknown value
RBX=0x00007fff752b89c0: _dispatch_mgr_q+0 in /usr/lib/system/libdispatch.dylib at 0x00007fff8a44b000
RCX=0x00000001ffe00000 is an unknown value
RDX=0x00007fff8a451d0e: _dispatch_source_set_timer3+0 in /usr/lib/system/libdispatch.dylib at 0x00007fff8a44b000
RSP=0x00007fff5228b9a0 is pointing into the stack for thread: 0x00007fd339803000
RBP=0x00007fff5228b9c0 is pointing into the stack for thread: 0x00007fd339803000
RSI=0x00007fd33f000250 is an unknown value
RDI=0x00007fff752b89c0: _dispatch_mgr_q+0 in /usr/lib/system/libdispatch.dylib at 0x00007fff8a44b000
R8 =0x0000000000000004 is an unknown value
R9 =0x00007fd33f000000 is an unknown value
R10=0x000000000a92bfab is an unknown value
R11=0x000000007386a7fb is an unknown value
R12=0x00007fd33f000000 is an unknown value
R13=0x0000000100002480 is an unknown value
R14=0x00007fd33f000250 is an unknown value
R15=0x00007fff8a451d0e: _dispatch_source_set_timer3+0 in /usr/lib/system/libdispatch.dylib at 0x00007fff8a44b000


Stack: [0x00007fff52210000,0x00007fff52290000],  sp=0x00007fff5228b9a0,  free space=494k
Native frames: (J=compiled Java code, j=interpreted, Vv=VM code, C=native code)
C  [libdispatch.dylib+0x9bb0]  _dispatch_alloc_continuation_alloc+0x2c
C  [libdispatch.dylib+0x2647]  _dispatch_barrier_async_f_slow+0x18
C  [libdispatch.dylib+0x128d]  _dispatch_client_callout+0x8
C  [libdispatch.dylib+0x4c36]  _dispatch_barrier_trysync_f_invoke+0x27
C  [CoreFoundation+0x19398]  CFRelease+0x1a8
C  [HIToolbox+0x1777cf]  Convert1CGEvent(unsigned char)+0x12e
C  [HIToolbox+0x3dc6c]  MainLoopObserver(unsigned int, OpaqueEventRef*, void*)+0x29
C  [HIToolbox+0x7ac9]  _NotifyEventLoopObservers+0x9b
C  [HIToolbox+0x2e9f8]  RunCurrentEventLoopInMode+0xcd
C  [HIToolbox+0x2e685]  ReceiveNextEventCommon+0xad
C  [HIToolbox+0x2e5bc]  _BlockUntilNextEventMatchingListInModeWithFilter+0x41
C  [AppKit+0x2424e]  _DPSNextEvent+0x59a
C  [AppKit+0x2389b]  -[NSApplication nextEventMatchingMask:untilDate:inMode:dequeue:]+0x7a
C  [libswt-pi-cocoa-3550.jnilib+0xef39]  Java_org_eclipse_swt_internal_cocoa_OS_objc_1msgSendSuper__Lorg_eclipse_swt_internal_cocoa_objc_1super_2JJJJZ+0x7a
J  org.eclipse.swt.internal.cocoa.OS.objc_msgSendSuper(Lorg/eclipse/swt/internal/cocoa/objc_super;JJJJZ)J

Java frames: (J=compiled Java code, j=interpreted, Vv=VM code)
J  org.eclipse.swt.internal.cocoa.OS.objc_msgSendSuper(Lorg/eclipse/swt/internal/cocoa/objc_super;JJJJZ)J
J  org.eclipse.swt.widgets.Display.applicationProc(JJJJJJ)J
v  ~StubRoutines::call_stub
J  org.eclipse.swt.internal.cocoa.OS.objc_msgSend(JJJJJZ)J
J  org.eclipse.swt.widgets.Display.readAndDispatch()Z
j  com.android.sdkuilib.internal.repository.ui.SdkUpdaterWindowImpl2.open()V+68
j  com.android.sdkuilib.repository.SdkUpdaterWindow.open()V+4
j  com.android.sdkmanager.Main.showSdkManagerWindow()V+32
j  com.android.sdkmanager.Main.doAction()V+451
j  com.android.sdkmanager.Main.run([Ljava/lang/String;)V+21
j  com.android.sdkmanager.Main.main([Ljava/lang/String;)V+8
v  ~StubRoutines::call_stub

---------------  P R O C E S S  ---------------

Java Threads: ( => current thread )
  0x00007fd33a175000 JavaThread "stdout" [_thread_in_native, id=57463, stack(0x000000011c218000,0x000000011c318000)]
  0x00007fd33e30f000 JavaThread "stderr" [_thread_in_native, id=55359, stack(0x000000011c115000,0x000000011c215000)]
  0x00007fd33e099800 JavaThread "process reaper" daemon [_thread_in_native, id=55643, stack(0x0000000116854000,0x000000011687c000)]
  0x00007fd33a007000 JavaThread "Service Thread" daemon [_thread_blocked, id=20739, stack(0x0000000116103000,0x0000000116203000)]
  0x00007fd33904f000 JavaThread "C2 CompilerThread1" daemon [_thread_blocked, id=20227, stack(0x0000000116000000,0x0000000116100000)]
  0x00007fd33904d800 JavaThread "C2 CompilerThread0" daemon [_thread_blocked, id=19715, stack(0x0000000115efd000,0x0000000115ffd000)]
  0x00007fd339819800 JavaThread "Signal Dispatcher" daemon [_thread_blocked, id=19207, stack(0x0000000115dfa000,0x0000000115efa000)]
  0x00007fd33904a000 JavaThread "Finalizer" daemon [_thread_blocked, id=16643, stack(0x0000000115cc9000,0x0000000115dc9000)]
  0x00007fd339047000 JavaThread "Reference Handler" daemon [_thread_blocked, id=16131, stack(0x0000000115bc6000,0x0000000115cc6000)]
=>0x00007fd339803000 JavaThread "main" [_thread_in_native, id=8971, stack(0x00007fff52210000,0x00007fff52290000)]

Other Threads:
  0x00007fd339046800 VMThread [stack: 0x0000000115ac3000,0x0000000115bc3000] [id=15619]
  0x00007fd33904c000 WatcherThread [stack: 0x0000000116206000,0x0000000116306000] [id=21251]

VM state:not at safepoint (normal execution)

VM Mutex/Monitor currently owned by a thread: None

Heap
 PSYoungGen      total 16384K, used 2914K [0x00000007faa80000, 0x00000007fbb80000, 0x0000000800000000)
  eden space 15872K, 17% used [0x00000007faa80000,0x00000007fad48a30,0x00000007fba00000)
  from space 512K, 12% used [0x00000007fbb00000,0x00000007fbb10000,0x00000007fbb80000)
  to   space 512K, 0% used [0x00000007fba80000,0x00000007fba80000,0x00000007fbb00000)
 ParOldGen       total 43520K, used 18299K [0x00000007f0000000, 0x00000007f2a80000, 0x00000007faa80000)
  object space 43520K, 42% used [0x00000007f0000000,0x00000007f11dec18,0x00000007f2a80000)
 PSPermGen       total 21504K, used 18950K [0x00000007eae00000, 0x00000007ec300000, 0x00000007f0000000)
  object space 21504K, 88% used [0x00000007eae00000,0x00000007ec081b38,0x00000007ec300000)

Card table byte_map: [0x0000000112713000,0x00000001127bd000] byte_map_base: 0x000000010e7bc000

Polling page: 0x000000010dbc8000

Code Cache  [0x000000010f653000, 0x000000010f953000, 0x0000000112653000)
 total_blobs=1160 nmethods=714 adapters=399 free_code_cache=46175Kb largest_free_block=47232128

Compilation events (10 events):
Event: 2810.276 Thread 0x00007fd33904d800 nmethod 755 0x000000010f8d41d0 code [0x000000010f8d4300, 0x000000010f8d4398]
Event: 2810.276 Thread 0x00007fd33904d800  758   !         java.lang.ThreadGroup::add (110 bytes)
Event: 2810.277 Thread 0x00007fd33904f000 nmethod 757 0x000000010f8d3d90 code [0x000000010f8d3ee0, 0x000000010f8d4118]
Event: 2810.277 Thread 0x00007fd33904f000  759   !         java.lang.ThreadGroup::threadTerminated (63 bytes)
Event: 2810.278 Thread 0x00007fd33904d800 nmethod 758 0x000000010f8d3450 code [0x000000010f8d35c0, 0x000000010f8d3a88]
Event: 2810.278 Thread 0x00007fd33904f000 nmethod 759 0x000000010f929a90 code [0x000000010f929c00, 0x000000010f929fa8]
Event: 2814.810 Thread 0x00007fd33904d800  760             org.eclipse.swt.widgets.Tree::outlineView_objectValueForTableColumn_byItem (148 bytes)
Event: 2814.810 Thread 0x00007fd33904f000  761             org.eclipse.swt.widgets.Tree::outlineView_willDisplayCell_forTableColumn_item (558 bytes)
Event: 2814.817 Thread 0x00007fd33904d800 nmethod 760 0x000000010f92ad50 code [0x000000010f92af20, 0x000000010f92b470]
Event: 2814.843 Thread 0x00007fd33904f000 nmethod 761 0x000000010f943850 code [0x000000010f943ca0, 0x000000010f9451f8]

GC Heap History (10 events):
Event: 2813.478 GC heap before
{Heap before GC invocations=304 (full 0):
 PSYoungGen      total 16384K, used 15936K [0x00000007faa80000, 0x00000007fbb80000, 0x0000000800000000)
  eden space 15872K, 100% used [0x00000007faa80000,0x00000007fba00000,0x00000007fba00000)
  from space 512K, 12% used [0x00000007fba80000,0x00000007fba90000,0x00000007fbb00000)
  to   space 512K, 0% used [0x00000007fbb00000,0x00000007fbb00000,0x00000007fbb80000)
 ParOldGen       total 43520K, used 18291K [0x00000007f0000000, 0x00000007f2a80000, 0x00000007faa80000)
  object space 43520K, 42% used [0x00000007f0000000,0x00000007f11dcc18,0x00000007f2a80000)
 PSPermGen       total 21504K, used 18950K [0x00000007eae00000, 0x00000007ec300000, 0x00000007f0000000)
  object space 21504K, 88% used [0x00000007eae00000,0x00000007ec081820,0x00000007ec300000)
Event: 2813.479 GC heap after
Heap after GC invocations=304 (full 0):
 PSYoungGen      total 16384K, used 64K [0x00000007faa80000, 0x00000007fbb80000, 0x0000000800000000)
  eden space 15872K, 0% used [0x00000007faa80000,0x00000007faa80000,0x00000007fba00000)
  from space 512K, 12% used [0x00000007fbb00000,0x00000007fbb10000,0x00000007fbb80000)
  to   space 512K, 0% used [0x00000007fba80000,0x00000007fba80000,0x00000007fbb00000)
 ParOldGen       total 43520K, used 18291K [0x00000007f0000000, 0x00000007f2a80000, 0x00000007faa80000)
  object space 43520K, 42% used [0x00000007f0000000,0x00000007f11dcc18,0x00000007f2a80000)
 PSPermGen       total 21504K, used 18950K [0x00000007eae00000, 0x00000007ec300000, 0x00000007f0000000)
  object space 21504K, 88% used [0x00000007eae00000,0x00000007ec081820,0x00000007ec300000)
}
Event: 2813.679 GC heap before
{Heap before GC invocations=305 (full 0):
 PSYoungGen      total 16384K, used 15936K [0x00000007faa80000, 0x00000007fbb80000, 0x0000000800000000)
  eden space 15872K, 100% used [0x00000007faa80000,0x00000007fba00000,0x00000007fba00000)
  from space 512K, 12% used [0x00000007fbb00000,0x00000007fbb10000,0x00000007fbb80000)
  to   space 512K, 0% used [0x00000007fba80000,0x00000007fba80000,0x00000007fbb00000)
 ParOldGen       total 43520K, used 18291K [0x00000007f0000000, 0x00000007f2a80000, 0x00000007faa80000)
  object space 43520K, 42% used [0x00000007f0000000,0x00000007f11dcc18,0x00000007f2a80000)
 PSPermGen       total 21504K, used 18950K [0x00000007eae00000, 0x00000007ec300000, 0x00000007f0000000)
  object space 21504K, 88% used [0x00000007eae00000,0x00000007ec081820,0x00000007ec300000)
Event: 2813.680 GC heap after
Heap after GC invocations=305 (full 0):
 PSYoungGen      total 16384K, used 64K [0x00000007faa80000, 0x00000007fbb80000, 0x0000000800000000)
  eden space 15872K, 0% used [0x00000007faa80000,0x00000007faa80000,0x00000007fba00000)
  from space 512K, 12% used [0x00000007fba80000,0x00000007fba90000,0x00000007fbb00000)
  to   space 512K, 0% used [0x00000007fbb00000,0x00000007fbb00000,0x00000007fbb80000)
 ParOldGen       total 43520K, used 18299K [0x00000007f0000000, 0x00000007f2a80000, 0x00000007faa80000)
  object space 43520K, 42% used [0x00000007f0000000,0x00000007f11dec18,0x00000007f2a80000)
 PSPermGen       total 21504K, used 18950K [0x00000007eae00000, 0x00000007ec300000, 0x00000007f0000000)
  object space 21504K, 88% used [0x00000007eae00000,0x00000007ec081820,0x00000007ec300000)
}
Event: 2813.912 GC heap before
{Heap before GC invocations=306 (full 0):
 PSYoungGen      total 16384K, used 15936K [0x00000007faa80000, 0x00000007fbb80000, 0x0000000800000000)
  eden space 15872K, 100% used [0x00000007faa80000,0x00000007fba00000,0x00000007fba00000)
  from space 512K, 12% used [0x00000007fba80000,0x00000007fba90000,0x00000007fbb00000)
  to   space 512K, 0% used [0x00000007fbb00000,0x00000007fbb00000,0x00000007fbb80000)
 ParOldGen       total 43520K, used 18299K [0x00000007f0000000, 0x00000007f2a80000, 0x00000007faa80000)
  object space 43520K, 42% used [0x00000007f0000000,0x00000007f11dec18,0x00000007f2a80000)
 PSPermGen       total 21504K, used 18950K [0x00000007eae00000, 0x00000007ec300000, 0x00000007f0000000)
  object space 21504K, 88% used [0x00000007eae00000,0x00000007ec081920,0x00000007ec300000)
Event: 2813.913 GC heap after
Heap after GC invocations=306 (full 0):
 PSYoungGen      total 16384K, used 96K [0x00000007faa80000, 0x00000007fbb80000, 0x0000000800000000)
  eden space 15872K, 0% used [0x00000007faa80000,0x00000007faa80000,0x00000007fba00000)
  from space 512K, 18% used [0x00000007fbb00000,0x00000007fbb18000,0x00000007fbb80000)
  to   space 512K, 0% used [0x00000007fba80000,0x00000007fba80000,0x00000007fbb00000)
 ParOldGen       total 43520K, used 18299K [0x00000007f0000000, 0x00000007f2a80000, 0x00000007faa80000)
  object space 43520K, 42% used [0x00000007f0000000,0x00000007f11dec18,0x00000007f2a80000)
 PSPermGen       total 21504K, used 18950K [0x00000007eae00000, 0x00000007ec300000, 0x00000007f0000000)
  object space 21504K, 88% used [0x00000007eae00000,0x00000007ec081920,0x00000007ec300000)
}
Event: 2814.111 GC heap before
{Heap before GC invocations=307 (full 0):
 PSYoungGen      total 16384K, used 15968K [0x00000007faa80000, 0x00000007fbb80000, 0x0000000800000000)
  eden space 15872K, 100% used [0x00000007faa80000,0x00000007fba00000,0x00000007fba00000)
  from space 512K, 18% used [0x00000007fbb00000,0x00000007fbb18000,0x00000007fbb80000)
  to   space 512K, 0% used [0x00000007fba80000,0x00000007fba80000,0x00000007fbb00000)
 ParOldGen       total 43520K, used 18299K [0x00000007f0000000, 0x00000007f2a80000, 0x00000007faa80000)
  object space 43520K, 42% used [0x00000007f0000000,0x00000007f11dec18,0x00000007f2a80000)
 PSPermGen       total 21504K, used 18950K [0x00000007eae00000, 0x00000007ec300000, 0x00000007f0000000)
  object space 21504K, 88% used [0x00000007eae00000,0x00000007ec081920,0x00000007ec300000)
Event: 2814.112 GC heap after
Heap after GC invocations=307 (full 0):
 PSYoungGen      total 16384K, used 64K [0x00000007faa80000, 0x00000007fbb80000, 0x0000000800000000)
  eden space 15872K, 0% used [0x00000007faa80000,0x00000007faa80000,0x00000007fba00000)
  from space 512K, 12% used [0x00000007fba80000,0x00000007fba90000,0x00000007fbb00000)
  to   space 512K, 0% used [0x00000007fbb00000,0x00000007fbb00000,0x00000007fbb80000)
 ParOldGen       total 43520K, used 18299K [0x00000007f0000000, 0x00000007f2a80000, 0x00000007faa80000)
  object space 43520K, 42% used [0x00000007f0000000,0x00000007f11dec18,0x00000007f2a80000)
 PSPermGen       total 21504K, used 18950K [0x00000007eae00000, 0x00000007ec300000, 0x00000007f0000000)
  object space 21504K, 88% used [0x00000007eae00000,0x00000007ec081920,0x00000007ec300000)
}
Event: 2814.315 GC heap before
{Heap before GC invocations=308 (full 0):
 PSYoungGen      total 16384K, used 15936K [0x00000007faa80000, 0x00000007fbb80000, 0x0000000800000000)
  eden space 15872K, 100% used [0x00000007faa80000,0x00000007fba00000,0x00000007fba00000)
  from space 512K, 12% used [0x00000007fba80000,0x00000007fba90000,0x00000007fbb00000)
  to   space 512K, 0% used [0x00000007fbb00000,0x00000007fbb00000,0x00000007fbb80000)
 ParOldGen       total 43520K, used 18299K [0x00000007f0000000, 0x00000007f2a80000, 0x00000007faa80000)
  object space 43520K, 42% used [0x00000007f0000000,0x00000007f11dec18,0x00000007f2a80000)
 PSPermGen       total 21504K, used 18950K [0x00000007eae00000, 0x00000007ec300000, 0x00000007f0000000)
  object space 21504K, 88% used [0x00000007eae00000,0x00000007ec081920,0x00000007ec300000)
Event: 2814.316 GC heap after
Heap after GC invocations=308 (full 0):
 PSYoungGen      total 16384K, used 64K [0x00000007faa80000, 0x00000007fbb80000, 0x0000000800000000)
  eden space 15872K, 0% used [0x00000007faa80000,0x00000007faa80000,0x00000007fba00000)
  from space 512K, 12% used [0x00000007fbb00000,0x00000007fbb10000,0x00000007fbb80000)
  to   space 512K, 0% used [0x00000007fba80000,0x00000007fba80000,0x00000007fbb00000)
 ParOldGen       total 43520K, used 18299K [0x00000007f0000000, 0x00000007f2a80000, 0x00000007faa80000)
  object space 43520K, 42% used [0x00000007f0000000,0x00000007f11dec18,0x00000007f2a80000)
 PSPermGen       total 21504K, used 18950K [0x00000007eae00000, 0x00000007ec300000, 0x00000007f0000000)
  object space 21504K, 88% used [0x00000007eae00000,0x00000007ec081920,0x00000007ec300000)
}

Deoptimization events (10 events):
Event: 259.667 Thread 0x00007fd339803000 Uncommon trap: reason=bimorphic action=maybe_recompile pc=0x000000010f8d3600 method=org.eclipse.swt.widgets.Display.windowProc(JJJ)J @ 684
Event: 259.668 Thread 0x00007fd339803000 Uncommon trap: reason=bimorphic action=maybe_recompile pc=0x000000010f8d35e4 method=org.eclipse.swt.widgets.Display.windowProc(JJJ)J @ 326
Event: 285.030 Thread 0x00007fd339803000 Uncommon trap: reason=class_check action=maybe_recompile pc=0x000000010f8b333c method=org.eclipse.swt.widgets.Display.windowProc(JJ)J @ 39
Event: 289.782 Thread 0x00007fd339803000 Uncommon trap: reason=class_check action=maybe_recompile pc=0x000000010f8b333c method=org.eclipse.swt.widgets.Display.windowProc(JJ)J @ 39
Event: 303.848 Thread 0x00007fd339803000 Uncommon trap: reason=bimorphic action=maybe_recompile pc=0x000000010f8dc6dc method=org.eclipse.swt.widgets.Display.windowProc(JJJ)J @ 406
Event: 305.677 Thread 0x00007fd339803000 Uncommon trap: reason=bimorphic action=maybe_recompile pc=0x000000010f8dc6f8 method=org.eclipse.swt.widgets.Display.windowProc(JJJ)J @ 566
Event: 305.678 Thread 0x00007fd339803000 Uncommon trap: reason=bimorphic action=maybe_recompile pc=0x000000010f8dc6dc method=org.eclipse.swt.widgets.Display.windowProc(JJJ)J @ 406
Event: 313.773 Thread 0x00007fd339803000 Uncommon trap: reason=class_check action=maybe_recompile pc=0x000000010f8b333c method=org.eclipse.swt.widgets.Display.windowProc(JJ)J @ 39
Event: 318.204 Thread 0x00007fd339803000 Uncommon trap: reason=class_check action=maybe_recompile pc=0x000000010f8b333c method=org.eclipse.swt.widgets.Display.windowProc(JJ)J @ 39
Event: 350.838 Thread 0x00007fd339803000 Uncommon trap: reason=null_check action=make_not_entrant pc=0x000000010f911a1c method=com.android.sdklib.devices.DeviceParser$DeviceHandler.startElement(Ljava/lang/String;Ljava/lang/String;Ljava/lang/String;Lorg/xml/sax/Attributes;)V @ 163

Internal exceptions (10 events):
Event: 325.387 Thread 0x00007fd33ed0f800 Threw 0x00000007fb5d4f38 at /HUDSON/workspace/7u-2-build-macosx-x86_64/jdk7u45/229/hotspot/src/share/vm/prims/jvm.cpp:1244
Event: 325.388 Thread 0x00007fd33ed0f800 Threw 0x00000007fb5d9470 at /HUDSON/workspace/7u-2-build-macosx-x86_64/jdk7u45/229/hotspot/src/share/vm/prims/jvm.cpp:1244
Event: 325.389 Thread 0x00007fd33ed0f800 Threw 0x00000007fb5de838 at /HUDSON/workspace/7u-2-build-macosx-x86_64/jdk7u45/229/hotspot/src/share/vm/prims/jvm.cpp:1244
Event: 325.390 Thread 0x00007fd33ed0f800 Threw 0x00000007fb5e2900 at /HUDSON/workspace/7u-2-build-macosx-x86_64/jdk7u45/229/hotspot/src/share/vm/prims/jvm.cpp:1244
Event: 325.390 Thread 0x00007fd33ed0f800 Threw 0x00000007fb5e6c08 at /HUDSON/workspace/7u-2-build-macosx-x86_64/jdk7u45/229/hotspot/src/share/vm/prims/jvm.cpp:1244
Event: 325.491 Thread 0x00007fd33ed0f800 Threw 0x00000007fb5eb928 at /HUDSON/workspace/7u-2-build-macosx-x86_64/jdk7u45/229/hotspot/src/share/vm/prims/jvm.cpp:1244
Event: 337.393 Thread 0x00007fd339803000 Threw 0x00000007fb74dd20 at /HUDSON/workspace/7u-2-build-macosx-x86_64/jdk7u45/229/hotspot/src/share/vm/prims/jvm.cpp:1244
Event: 350.838 Thread 0x00007fd339803000 Implicit null exception at 0x000000010f91048f to 0x000000010f911a0d
Event: 351.713 Thread 0x00007fd339803000 Threw 0x00000007fb969928 at /HUDSON/workspace/7u-2-build-macosx-x86_64/jdk7u45/229/hotspot/src/share/vm/prims/jvm.cpp:1244
Event: 1311.188 Thread 0x00007fd339803000 Threw 0x00000007fb6b0580 at /HUDSON/workspace/7u-2-build-macosx-x86_64/jdk7u45/229/hotspot/src/share/vm/prims/jvm.cpp:1244

Events (10 events):
Event: 2814.316 Thread 0x00007fd33ed0b000 Thread exited: 0x00007fd33ed0b000
Event: 2814.316 Thread 0x00007fd33ed0b000 Thread added: 0x00007fd33ed0b000
Event: 2814.316 Thread 0x00007fd33ed0b000 Thread exited: 0x00007fd33ed0b000
Event: 2814.763 Thread 0x00007fd33e317800 Thread added: 0x00007fd33e317800
Event: 2814.877 Thread 0x00007fd33e099800 Thread added: 0x00007fd33e099800
Event: 2814.878 Thread 0x00007fd33e30f000 Thread added: 0x00007fd33e30f000
Event: 2814.878 Thread 0x00007fd33a175000 Thread added: 0x00007fd33a175000
Event: 2826.077 Executing VM operation: RevokeBias
Event: 2826.078 Executing VM operation: RevokeBias done
Event: 2826.078 Thread 0x00007fd33e317800 Thread exited: 0x00007fd33e317800


Dynamic libraries:
0x000000000454e000 	/System/Library/Frameworks/Cocoa.framework/Versions/A/Cocoa
0x000000000454e000 	/System/Library/Frameworks/Security.framework/Versions/A/Security
0x000000000454e000 	/System/Library/Frameworks/ApplicationServices.framework/Versions/A/ApplicationServices
0x000000000454e000 	/usr/lib/libz.1.dylib
0x000000000454e000 	/usr/lib/libSystem.B.dylib
0x000000000454e000 	/usr/lib/libobjc.A.dylib
0x000000000454e000 	/System/Library/Frameworks/CoreFoundation.framework/Versions/A/CoreFoundation
0x000000000454e000 	/System/Library/Frameworks/Foundation.framework/Versions/C/Foundation
0x000000000454e000 	/System/Library/Frameworks/AppKit.framework/Versions/C/AppKit
0x000000000454e000 	/System/Library/Frameworks/CoreData.framework/Versions/A/CoreData
0x000000000454e000 	/System/Library/PrivateFrameworks/RemoteViewServices.framework/Versions/A/RemoteViewServices
0x000000000454e000 	/System/Library/Frameworks/AudioToolbox.framework/Versions/A/AudioToolbox
0x000000000454e000 	/System/Library/Frameworks/AudioUnit.framework/Versions/A/AudioUnit
0x000000000454e000 	/System/Library/PrivateFrameworks/DataDetectorsCore.framework/Versions/A/DataDetectorsCore
0x000000000454e000 	/System/Library/PrivateFrameworks/DesktopServicesPriv.framework/Versions/A/DesktopServicesPriv
0x000000000454e000 	/System/Library/Frameworks/Carbon.framework/Versions/A/Frameworks/HIToolbox.framework/Versions/A/HIToolbox
0x000000000454e000 	/System/Library/Frameworks/QuartzCore.framework/Versions/A/QuartzCore
0x000000000454e000 	/System/Library/Frameworks/Carbon.framework/Versions/A/Frameworks/SpeechRecognition.framework/Versions/A/SpeechRecognition
0x000000000454e000 	/usr/lib/libauto.dylib
0x000000000454e000 	/usr/lib/libicucore.A.dylib
0x000000000454e000 	/usr/lib/libxml2.2.dylib
0x000000000454e000 	/System/Library/PrivateFrameworks/CoreUI.framework/Versions/A/CoreUI
0x000000000454e000 	/System/Library/Frameworks/CoreAudio.framework/Versions/A/CoreAudio
0x000000000454e000 	/System/Library/Frameworks/DiskArbitration.framework/Versions/A/DiskArbitration
0x000000000454e000 	/usr/lib/liblangid.dylib
0x000000000454e000 	/System/Library/PrivateFrameworks/MultitouchSupport.framework/Versions/A/MultitouchSupport
0x000000000454e000 	/System/Library/Frameworks/IOKit.framework/Versions/A/IOKit
0x000000000454e000 	/usr/lib/libDiagnosticMessagesClient.dylib
0x000000000454e000 	/System/Library/Frameworks/CoreServices.framework/Versions/A/CoreServices
0x000000000454e000 	/System/Library/PrivateFrameworks/PerformanceAnalysis.framework/Versions/A/PerformanceAnalysis
0x000000000454e000 	/System/Library/PrivateFrameworks/GenerationalStorage.framework/Versions/A/GenerationalStorage
0x000000000454e000 	/System/Library/Frameworks/OpenGL.framework/Versions/A/OpenGL
0x000000000454e000 	/System/Library/PrivateFrameworks/Sharing.framework/Versions/A/Sharing
0x000000000454e000 	/System/Library/Frameworks/ImageIO.framework/Versions/A/ImageIO
0x000000000454e000 	/System/Library/Frameworks/CoreText.framework/Versions/A/CoreText
0x000000000454e000 	/System/Library/Frameworks/CoreGraphics.framework/Versions/A/CoreGraphics
0x000000000454e000 	/System/Library/PrivateFrameworks/Backup.framework/Versions/A/Backup
0x000000000454e000 	/System/Library/Frameworks/CFNetwork.framework/Versions/A/CFNetwork
0x000000000454e000 	/System/Library/Frameworks/SystemConfiguration.framework/Versions/A/SystemConfiguration
0x000000000454e000 	/usr/lib/libCRFSuite.dylib
0x000000000454e000 	/usr/lib/libc++.1.dylib
0x000000000454e000 	/usr/lib/libc++abi.dylib
0x000000000454e000 	/usr/lib/system/libcache.dylib
0x000000000454e000 	/usr/lib/system/libcommonCrypto.dylib
0x000000000454e000 	/usr/lib/system/libcompiler_rt.dylib
0x000000000454e000 	/usr/lib/system/libcopyfile.dylib
0x000000000454e000 	/usr/lib/system/libcorecrypto.dylib
0x000000000454e000 	/usr/lib/system/libdispatch.dylib
0x000000000454e000 	/usr/lib/system/libdyld.dylib
0x000000000454e000 	/usr/lib/system/libkeymgr.dylib
0x000000000454e000 	/usr/lib/system/liblaunch.dylib
0x000000000454e000 	/usr/lib/system/libmacho.dylib
0x000000000454e000 	/usr/lib/system/libquarantine.dylib
0x000000000454e000 	/usr/lib/system/libremovefile.dylib
0x000000000454e000 	/usr/lib/system/libsystem_asl.dylib
0x000000000454e000 	/usr/lib/system/libsystem_blocks.dylib
0x000000000454e000 	/usr/lib/system/libsystem_c.dylib
0x000000000454e000 	/usr/lib/system/libsystem_configuration.dylib
0x000000000454e000 	/usr/lib/system/libsystem_dnssd.dylib
0x000000000454e000 	/usr/lib/system/libsystem_info.dylib
0x000000000454e000 	/usr/lib/system/libsystem_kernel.dylib
0x000000000454e000 	/usr/lib/system/libsystem_m.dylib
0x000000000454e000 	/usr/lib/system/libsystem_malloc.dylib
0x000000000454e000 	/usr/lib/system/libsystem_network.dylib
0x000000000454e000 	/usr/lib/system/libsystem_notify.dylib
0x000000000454e000 	/usr/lib/system/libsystem_platform.dylib
0x000000000454e000 	/usr/lib/system/libsystem_pthread.dylib
0x000000000454e000 	/usr/lib/system/libsystem_sandbox.dylib
0x000000000454e000 	/usr/lib/system/libsystem_stats.dylib
0x000000000454e000 	/usr/lib/system/libunc.dylib
0x000000000454e000 	/usr/lib/system/libunwind.dylib
0x000000000454e000 	/usr/lib/system/libxpc.dylib
0x000000000454e000 	/usr/lib/libbsm.0.dylib
0x000000000454e000 	/usr/lib/libsqlite3.dylib
0x000000000454e000 	/usr/lib/libxar.1.dylib
0x000000000454e000 	/usr/lib/libpam.2.dylib
0x000000000454e000 	/usr/lib/libOpenScriptingUtil.dylib
0x000000000454e000 	/usr/lib/libbz2.1.0.dylib
0x000000000454e000 	/System/Library/Frameworks/CoreServices.framework/Versions/A/Frameworks/CarbonCore.framework/Versions/A/CarbonCore
0x000000000454e000 	/System/Library/Frameworks/CoreServices.framework/Versions/A/Frameworks/Metadata.framework/Versions/A/Metadata
0x000000000454e000 	/System/Library/Frameworks/CoreServices.framework/Versions/A/Frameworks/OSServices.framework/Versions/A/OSServices
0x000000000454e000 	/System/Library/Frameworks/CoreServices.framework/Versions/A/Frameworks/SearchKit.framework/Versions/A/SearchKit
0x000000000454e000 	/System/Library/Frameworks/CoreServices.framework/Versions/A/Frameworks/AE.framework/Versions/A/AE
0x000000000454e000 	/System/Library/Frameworks/CoreServices.framework/Versions/A/Frameworks/LaunchServices.framework/Versions/A/LaunchServices
0x000000000454e000 	/System/Library/Frameworks/CoreServices.framework/Versions/A/Frameworks/DictionaryServices.framework/Versions/A/DictionaryServices
0x000000000454e000 	/System/Library/Frameworks/NetFS.framework/Versions/A/NetFS
0x000000000454e000 	/usr/lib/system/libkxld.dylib
0x000000000454e000 	/System/Library/PrivateFrameworks/NetAuth.framework/Versions/A/NetAuth
0x000000000454e000 	/System/Library/PrivateFrameworks/TCC.framework/Versions/A/TCC
0x000000000454e000 	/System/Library/Frameworks/OpenDirectory.framework/Versions/A/Frameworks/CFOpenDirectory.framework/Versions/A/CFOpenDirectory
0x000000000454e000 	/System/Library/Frameworks/ServiceManagement.framework/Versions/A/ServiceManagement
0x000000000454e000 	/usr/lib/libxslt.1.dylib
0x000000000454e000 	/System/Library/Frameworks/Carbon.framework/Versions/A/Frameworks/Ink.framework/Versions/A/Ink
0x000000000454e000 	/System/Library/Frameworks/ApplicationServices.framework/Versions/A/Frameworks/ATS.framework/Versions/A/ATS
0x000000000454e000 	/System/Library/Frameworks/ApplicationServices.framework/Versions/A/Frameworks/ColorSync.framework/Versions/A/ColorSync
0x000000000454e000 	/System/Library/Frameworks/ApplicationServices.framework/Versions/A/Frameworks/HIServices.framework/Versions/A/HIServices
0x000000000454e000 	/System/Library/Frameworks/ApplicationServices.framework/Versions/A/Frameworks/LangAnalysis.framework/Versions/A/LangAnalysis
0x000000000454e000 	/System/Library/Frameworks/ApplicationServices.framework/Versions/A/Frameworks/PrintCore.framework/Versions/A/PrintCore
0x000000000454e000 	/System/Library/Frameworks/ApplicationServices.framework/Versions/A/Frameworks/QD.framework/Versions/A/QD
0x000000000454e000 	/System/Library/Frameworks/ApplicationServices.framework/Versions/A/Frameworks/SpeechSynthesis.framework/Versions/A/SpeechSynthesis
0x000000000454e000 	/System/Library/Frameworks/IOSurface.framework/Versions/A/IOSurface
0x000000000454e000 	/System/Library/Frameworks/Accelerate.framework/Versions/A/Accelerate
0x000000000454e000 	/System/Library/Frameworks/Accelerate.framework/Versions/A/Frameworks/vImage.framework/Versions/A/vImage
0x000000000454e000 	/System/Library/Frameworks/Accelerate.framework/Versions/A/Frameworks/vecLib.framework/Versions/A/vecLib
0x000000000454e000 	/System/Library/Frameworks/Accelerate.framework/Versions/A/Frameworks/vecLib.framework/Versions/A/libvDSP.dylib
0x000000000454e000 	/System/Library/Frameworks/Accelerate.framework/Versions/A/Frameworks/vecLib.framework/Versions/A/libvMisc.dylib
0x000000000454e000 	/System/Library/Frameworks/Accelerate.framework/Versions/A/Frameworks/vecLib.framework/Versions/A/libLAPACK.dylib
0x000000000454e000 	/System/Library/Frameworks/Accelerate.framework/Versions/A/Frameworks/vecLib.framework/Versions/A/libBLAS.dylib
0x000000000454e000 	/System/Library/Frameworks/ApplicationServices.framework/Versions/A/Frameworks/ATS.framework/Versions/A/Resources/libFontParser.dylib
0x000000000454e000 	/System/Library/Frameworks/ApplicationServices.framework/Versions/A/Frameworks/ATS.framework/Versions/A/Resources/libFontRegistry.dylib
0x000000000454e000 	/System/Library/Frameworks/ImageIO.framework/Versions/A/Resources/libJPEG.dylib
0x000000000454e000 	/System/Library/Frameworks/ImageIO.framework/Versions/A/Resources/libTIFF.dylib
0x000000000454e000 	/System/Library/Frameworks/ImageIO.framework/Versions/A/Resources/libPng.dylib
0x000000000454e000 	/System/Library/Frameworks/ImageIO.framework/Versions/A/Resources/libGIF.dylib
0x000000000454e000 	/System/Library/Frameworks/ImageIO.framework/Versions/A/Resources/libJP2.dylib
0x000000000454e000 	/System/Library/Frameworks/ImageIO.framework/Versions/A/Resources/libRadiance.dylib
0x000000000454e000 	/usr/lib/libcups.2.dylib
0x000000000454e000 	/System/Library/Frameworks/Kerberos.framework/Versions/A/Kerberos
0x000000000454e000 	/System/Library/Frameworks/GSS.framework/Versions/A/GSS
0x000000000454e000 	/usr/lib/libresolv.9.dylib
0x000000000454e000 	/usr/lib/libiconv.2.dylib
0x000000000454e000 	/System/Library/PrivateFrameworks/Heimdal.framework/Versions/A/Heimdal
0x000000000454e000 	/System/Library/PrivateFrameworks/TrustEvaluationAgent.framework/Versions/A/TrustEvaluationAgent
0x000000000454e000 	/usr/lib/libheimdal-asn1.dylib
0x000000000454e000 	/System/Library/Frameworks/OpenDirectory.framework/Versions/A/OpenDirectory
0x000000000454e000 	/System/Library/PrivateFrameworks/CommonAuth.framework/Versions/A/CommonAuth
0x000000000454e000 	/System/Library/Frameworks/SecurityFoundation.framework/Versions/A/SecurityFoundation
0x000000000454e000 	/System/Library/PrivateFrameworks/Bom.framework/Versions/A/Bom
0x000000000454e000 	/System/Library/Frameworks/CoreVideo.framework/Versions/A/CoreVideo
0x000000000454e000 	/System/Library/Frameworks/QuartzCore.framework/Versions/A/Frameworks/CoreImage.framework/Versions/A/CoreImage
0x000000000454e000 	/System/Library/Frameworks/QuartzCore.framework/Versions/A/Frameworks/ScalableUserInterface.framework/Versions/A/ScalableUserInterface
0x000000000454e000 	/System/Library/Frameworks/OpenGL.framework/Versions/A/Libraries/libGLU.dylib
0x000000000454e000 	/System/Library/Frameworks/OpenGL.framework/Versions/A/Libraries/libGFXShared.dylib
0x000000000454e000 	/System/Library/Frameworks/OpenGL.framework/Versions/A/Libraries/libGL.dylib
0x000000000454e000 	/System/Library/Frameworks/OpenGL.framework/Versions/A/Libraries/libGLImage.dylib
0x000000000454e000 	/System/Library/Frameworks/OpenGL.framework/Versions/A/Libraries/libCVMSPluginSupport.dylib
0x000000000454e000 	/System/Library/Frameworks/OpenGL.framework/Versions/A/Libraries/libCoreVMClient.dylib
0x000000000454e000 	/System/Library/PrivateFrameworks/FaceCore.framework/Versions/A/FaceCore
0x000000000454e000 	/System/Library/PrivateFrameworks/CrashReporterSupport.framework/Versions/A/CrashReporterSupport
0x000000000454e000 	/System/Library/Frameworks/OpenCL.framework/Versions/A/OpenCL
0x000000000454e000 	/System/Library/PrivateFrameworks/AppleFSCompression.framework/Versions/A/AppleFSCompression
0x000000000454e000 	/System/Library/PrivateFrameworks/Ubiquity.framework/Versions/A/Ubiquity
0x000000000454e000 	/System/Library/PrivateFrameworks/IconServices.framework/Versions/A/IconServices
0x000000000454e000 	/System/Library/PrivateFrameworks/ChunkingLibrary.framework/Versions/A/ChunkingLibrary
0x000000000454e000 	/System/Library/PrivateFrameworks/CoreSymbolication.framework/Versions/A/CoreSymbolication
0x000000000454e000 	/System/Library/PrivateFrameworks/Symbolication.framework/Versions/A/Symbolication
0x000000000454e000 	/System/Library/PrivateFrameworks/DebugSymbols.framework/Versions/A/DebugSymbols
0x000000010ec00000 	/Library/Java/JavaVirtualMachines/jdk1.7.0_45.jdk/Contents/Home/jre/lib/server/libjvm.dylib
0x000000000454e000 	/usr/lib/libstdc++.6.dylib
0x000000010db8b000 	/Library/Java/JavaVirtualMachines/jdk1.7.0_45.jdk/Contents/Home/jre/lib/libverify.dylib
0x000000010db98000 	/Library/Java/JavaVirtualMachines/jdk1.7.0_45.jdk/Contents/Home/jre/lib/libjava.dylib
0x000000010dbd1000 	/Library/Java/JavaVirtualMachines/jdk1.7.0_45.jdk/Contents/Home/jre/lib/libzip.dylib
0x000000010dbe2000 	/System/Library/Frameworks/JavaVM.framework/Frameworks/JavaRuntimeSupport.framework/JavaRuntimeSupport
0x0000000115dcb000 	/System/Library/Frameworks/JavaVM.framework/Versions/A/Frameworks/JavaNativeFoundation.framework/Versions/A/JavaNativeFoundation
0x0000000115de0000 	/System/Library/Frameworks/JavaVM.framework/Versions/A/JavaVM
0x000000000454e000 	/System/Library/Frameworks/Carbon.framework/Versions/A/Carbon
0x0000000115ded000 	/System/Library/PrivateFrameworks/JavaLaunching.framework/Versions/A/JavaLaunching
0x000000000454e000 	/System/Library/Frameworks/Carbon.framework/Versions/A/Frameworks/CommonPanels.framework/Versions/A/CommonPanels
0x000000000454e000 	/System/Library/Frameworks/Carbon.framework/Versions/A/Frameworks/Help.framework/Versions/A/Help
0x000000000454e000 	/System/Library/Frameworks/Carbon.framework/Versions/A/Frameworks/ImageCapture.framework/Versions/A/ImageCapture
0x000000000454e000 	/System/Library/Frameworks/Carbon.framework/Versions/A/Frameworks/OpenScripting.framework/Versions/A/OpenScripting
0x000000000454e000 	/System/Library/Frameworks/Carbon.framework/Versions/A/Frameworks/Print.framework/Versions/A/Print
0x000000000454e000 	/System/Library/Frameworks/Carbon.framework/Versions/A/Frameworks/SecurityHI.framework/Versions/A/SecurityHI
0x000000010db08000 	/private/var/folders/01/zjvg6kpn6dnb75gsgrxtp9qm0000gn/T/swtlib-64/libswt-cocoa-3550.jnilib
0x000000000454e000 	/System/Library/Frameworks/WebKit.framework/Versions/A/WebKit
0x000000000454e000 	/System/Library/Frameworks/JavaScriptCore.framework/Versions/A/JavaScriptCore
0x000000000454e000 	/System/Library/Frameworks/WebKit.framework/Versions/A/Frameworks/WebCore.framework/Versions/A/WebCore
0x000000010db55000 	/private/var/folders/01/zjvg6kpn6dnb75gsgrxtp9qm0000gn/T/swtlib-64/libswt-pi-cocoa-3550.jnilib
0x000000000454e000 	/System/Library/PrivateFrameworks/CoreServicesInternal.framework/Versions/A/CoreServicesInternal
0x000000000454e000 	/System/Library/PrivateFrameworks/Librarian.framework/Versions/A/Librarian
0x000000000454e000 	/System/Library/Frameworks/CoreGraphics.framework/Versions/A/Resources/libCGCMS.A.dylib
0x000000000454e000 	/System/Library/Frameworks/CoreGraphics.framework/Versions/A/Resources/libCGXType.A.dylib
0x000000000454e000 	/System/Library/Frameworks/CoreGraphics.framework/Versions/A/Resources/libRIP.A.dylib
0x000000000454e000 	/System/Library/PrivateFrameworks/FamilyControls.framework/Versions/A/FamilyControls
0x000000000454e000 	/System/Library/PrivateFrameworks/CommerceKit.framework/Versions/A/Frameworks/CommerceCore.framework/Versions/A/CommerceCore
0x000000000454e000 	/System/Library/PrivateFrameworks/SystemAdministration.framework/Versions/A/SystemAdministration
0x000000000454e000 	/System/Library/Frameworks/DirectoryService.framework/Versions/A/DirectoryService
0x000000000454e000 	/System/Library/PrivateFrameworks/DiskImages.framework/Versions/A/DiskImages
0x000000000454e000 	/System/Library/PrivateFrameworks/LoginUIKit.framework/Versions/A/Frameworks/LoginUICore.framework/Versions/A/LoginUICore
0x000000000454e000 	/usr/lib/libCoreStorage.dylib
0x000000000454e000 	/usr/lib/libcsfde.dylib
0x000000000454e000 	/usr/lib/libodfde.dylib
0x000000000454e000 	/System/Library/Frameworks/DiscRecording.framework/Versions/A/DiscRecording
0x000000000454e000 	/usr/lib/libcurl.4.dylib
0x000000000454e000 	/System/Library/PrivateFrameworks/MediaKit.framework/Versions/A/MediaKit
0x000000000454e000 	/System/Library/PrivateFrameworks/EFILogin.framework/Versions/A/EFILogin
0x000000000454e000 	/usr/lib/libutil.dylib
0x000000000454e000 	/System/Library/PrivateFrameworks/AOSNotification.framework/Versions/A/AOSNotification
0x000000000454e000 	/System/Library/Frameworks/LDAP.framework/Versions/A/LDAP
0x000000000454e000 	/usr/lib/libsasl2.2.dylib
0x000000000454e000 	/usr/lib/libcrypto.0.9.8.dylib
0x000000000454e000 	/usr/lib/libssl.0.9.8.dylib
0x000000011642d000 	/Library/Java/JavaVirtualMachines/jdk1.7.0_45.jdk/Contents/Home/jre/lib/libsunec.dylib
0x000000010da8d000 	/Library/Java/JavaVirtualMachines/jdk1.7.0_45.jdk/Contents/Home/jre/lib/libnet.dylib
0x000000010dac8000 	/Library/Java/JavaVirtualMachines/jdk1.7.0_45.jdk/Contents/Home/jre/lib/libnio.dylib
0x000000000454e000 	/System/Library/PrivateFrameworks/Shortcut.framework/Versions/A/Shortcut
0x000000000454e000 	/System/Library/PrivateFrameworks/HelpData.framework/Versions/A/HelpData
0x000000000454e000 	/usr/lib/libtidy.A.dylib
0x000000000454e000 	/System/Library/Frameworks/CoreGraphics.framework/Versions/A/Resources/libCGXCoreImage.A.dylib
0x000000000454e000 	/System/Library/Frameworks/OpenCL.framework/Versions/A/Libraries/libcldcpuengine.dylib
0x000000010dae2000 	cl_kernels
0x0000000116a72000 	/System/Library/Frameworks/OpenCL.framework/Versions/A/Libraries/ImageFormats/unorm8_bgra.dylib

VM Arguments:
jvm_args: -Xmx256M -Dcom.android.sdkmanager.toolsdir=/Users/mateomenrstrina/developer/adt-bundle/sdk/tools 
java_command: com.android.sdkmanager.Main
Launcher Type: SUN_STANDARD

Environment Variables:
PATH=/usr/bin:/bin:/usr/sbin:/sbin:/usr/local/bin:/Users/mateomenrstrina/developer/adt-bundle/sdk/platform-tools:/Users/mateomenrstrina/developer/adt-bundle/sdk/tools:/Users/mateomenrstrina/developer/apache-ant-1.9.4/bin
SHELL=/bin/bash

Signal Handlers:
SIGSEGV: [libjvm.dylib+0x525415], sa_mask[0]=0xfffefeff, sa_flags=0x00000043
SIGBUS: [libjvm.dylib+0x525415], sa_mask[0]=0xfffefeff, sa_flags=0x00000042
SIGFPE: [libjvm.dylib+0x41891a], sa_mask[0]=0xfffefeff, sa_flags=0x00000042
SIGPIPE: [libjvm.dylib+0x41891a], sa_mask[0]=0xfffefeff, sa_flags=0x00000042
SIGXFSZ: [libjvm.dylib+0x41891a], sa_mask[0]=0xfffefeff, sa_flags=0x00000042
SIGILL: [libjvm.dylib+0x41891a], sa_mask[0]=0xfffefeff, sa_flags=0x00000042
SIGUSR1: SIG_DFL, sa_mask[0]=0x63807efb, sa_flags=0x00000000
SIGUSR2: [libjvm.dylib+0x41840c], sa_mask[0]=0x00000000, sa_flags=0x00000042
SIGHUP: [libjvm.dylib+0x41669b], sa_mask[0]=0xfffefeff, sa_flags=0x00000042
SIGINT: [libjvm.dylib+0x41669b], sa_mask[0]=0xfffefeff, sa_flags=0x00000042
SIGTERM: [libjvm.dylib+0x41669b], sa_mask[0]=0xfffefeff, sa_flags=0x00000042
SIGQUIT: [libjvm.dylib+0x41669b], sa_mask[0]=0xfffefeff, sa_flags=0x00000042


---------------  S Y S T E M  ---------------

OS:Bsduname:Darwin 13.3.0 Darwin Kernel Version 13.3.0: Tue Jun  3 21:27:35 PDT 2014; root:xnu-2422.110.17~1/RELEASE_X86_64 x86_64
rlimit: STACK 8192k, CORE 0k, NPROC 709, NOFILE 10240, AS infinity
load average:1.39 1.97 2.06

CPU:total 8 (4 cores per cpu, 2 threads per core) family 6 model 58 stepping 9, cmov, cx8, fxsr, mmx, sse, sse2, sse3, ssse3, sse4.1, sse4.2, popcnt, avx, aes, erms, ht, tsc, tscinvbit, tscinv

Memory: 4k page, physical 4194304k(1048576k free)

/proc/meminfo:


vm_info: Java HotSpot(TM) 64-Bit Server VM (24.45-b08) for bsd-amd64 JRE (1.7.0_45-b18), built on Oct  8 2013 05:54:16 by "java_re" with gcc 4.2.1 (Based on Apple Inc. build 5658) (LLVM build 2336.11.00)

